<?xml version="1.0" encoding="UTF-8"?>
<testsuite xmlns:xsi="http://www.w3.org/2001/XMLSchema-instance" xsi:noNamespaceSchemaLocation="https://maven.apache.org/surefire/maven-surefire-plugin/xsd/surefire-test-report.xsd" name="com.baomidou.test.BaseTest" time="0.119" tests="1" errors="1" skipped="0" failures="0">
  <properties>
    <property name="sun.desktop" value="windows"/>
    <property name="awt.toolkit" value="sun.awt.windows.WToolkit"/>
    <property name="file.encoding.pkg" value="sun.io"/>
    <property name="java.specification.version" value="1.8"/>
    <property name="sun.cpu.isalist" value="amd64"/>
    <property name="sun.jnu.encoding" value="GBK"/>
    <property name="java.class.path" value="D:\idea\mas\target\test-classes;D:\idea\mas\target\classes;C:\yingyong\yygsoft\maven\maven_repository\org\springframework\boot\spring-boot-starter\2.1.3.RELEASE\spring-boot-starter-2.1.3.RELEASE.jar;C:\yingyong\yygsoft\maven\maven_repository\org\springframework\boot\spring-boot\2.1.3.RELEASE\spring-boot-2.1.3.RELEASE.jar;C:\yingyong\yygsoft\maven\maven_repository\org\springframework\spring-context\5.1.5.RELEASE\spring-context-5.1.5.RELEASE.jar;C:\yingyong\yygsoft\maven\maven_repository\org\springframework\boot\spring-boot-autoconfigure\2.1.3.RELEASE\spring-boot-autoconfigure-2.1.3.RELEASE.jar;C:\yingyong\yygsoft\maven\maven_repository\org\springframework\boot\spring-boot-starter-logging\2.1.3.RELEASE\spring-boot-starter-logging-2.1.3.RELEASE.jar;C:\yingyong\yygsoft\maven\maven_repository\ch\qos\logback\logback-classic\1.2.3\logback-classic-1.2.3.jar;C:\yingyong\yygsoft\maven\maven_repository\ch\qos\logback\logback-core\1.2.3\logback-core-1.2.3.jar;C:\yingyong\yygsoft\maven\maven_repository\org\apache\logging\log4j\log4j-to-slf4j\2.11.2\log4j-to-slf4j-2.11.2.jar;C:\yingyong\yygsoft\maven\maven_repository\org\apache\logging\log4j\log4j-api\2.11.2\log4j-api-2.11.2.jar;C:\yingyong\yygsoft\maven\maven_repository\org\slf4j\jul-to-slf4j\1.7.25\jul-to-slf4j-1.7.25.jar;C:\yingyong\yygsoft\maven\maven_repository\javax\annotation\javax.annotation-api\1.3.2\javax.annotation-api-1.3.2.jar;C:\yingyong\yygsoft\maven\maven_repository\org\springframework\spring-core\5.1.5.RELEASE\spring-core-5.1.5.RELEASE.jar;C:\yingyong\yygsoft\maven\maven_repository\org\springframework\spring-jcl\5.1.5.RELEASE\spring-jcl-5.1.5.RELEASE.jar;C:\yingyong\yygsoft\maven\maven_repository\org\yaml\snakeyaml\1.23\snakeyaml-1.23.jar;C:\yingyong\yygsoft\maven\maven_repository\org\springframework\boot\spring-boot-starter-test\2.1.3.RELEASE\spring-boot-starter-test-2.1.3.RELEASE.jar;C:\yingyong\yygsoft\maven\maven_repository\org\springframework\boot\spring-boot-test\2.1.3.RELEASE\spring-boot-test-2.1.3.RELEASE.jar;C:\yingyong\yygsoft\maven\maven_repository\org\springframework\boot\spring-boot-test-autoconfigure\2.1.3.RELEASE\spring-boot-test-autoconfigure-2.1.3.RELEASE.jar;C:\yingyong\yygsoft\maven\maven_repository\com\jayway\jsonpath\json-path\2.4.0\json-path-2.4.0.jar;C:\yingyong\yygsoft\maven\maven_repository\net\minidev\json-smart\2.3\json-smart-2.3.jar;C:\yingyong\yygsoft\maven\maven_repository\net\minidev\accessors-smart\1.2\accessors-smart-1.2.jar;C:\yingyong\yygsoft\maven\maven_repository\org\ow2\asm\asm\5.0.4\asm-5.0.4.jar;C:\yingyong\yygsoft\maven\maven_repository\junit\junit\4.12\junit-4.12.jar;C:\yingyong\yygsoft\maven\maven_repository\org\assertj\assertj-core\3.11.1\assertj-core-3.11.1.jar;C:\yingyong\yygsoft\maven\maven_repository\org\mockito\mockito-core\2.23.4\mockito-core-2.23.4.jar;C:\yingyong\yygsoft\maven\maven_repository\net\bytebuddy\byte-buddy\1.9.10\byte-buddy-1.9.10.jar;C:\yingyong\yygsoft\maven\maven_repository\net\bytebuddy\byte-buddy-agent\1.9.10\byte-buddy-agent-1.9.10.jar;C:\yingyong\yygsoft\maven\maven_repository\org\objenesis\objenesis\2.6\objenesis-2.6.jar;C:\yingyong\yygsoft\maven\maven_repository\org\hamcrest\hamcrest-core\1.3\hamcrest-core-1.3.jar;C:\yingyong\yygsoft\maven\maven_repository\org\hamcrest\hamcrest-library\1.3\hamcrest-library-1.3.jar;C:\yingyong\yygsoft\maven\maven_repository\org\skyscreamer\jsonassert\1.5.0\jsonassert-1.5.0.jar;C:\yingyong\yygsoft\maven\maven_repository\com\vaadin\external\google\android-json\0.0.20131108.vaadin1\android-json-0.0.20131108.vaadin1.jar;C:\yingyong\yygsoft\maven\maven_repository\org\springframework\spring-test\5.1.5.RELEASE\spring-test-5.1.5.RELEASE.jar;C:\yingyong\yygsoft\maven\maven_repository\org\xmlunit\xmlunit-core\2.6.2\xmlunit-core-2.6.2.jar;C:\yingyong\yygsoft\maven\maven_repository\org\springframework\boot\spring-boot-starter-web\2.1.3.RELEASE\spring-boot-starter-web-2.1.3.RELEASE.jar;C:\yingyong\yygsoft\maven\maven_repository\org\springframework\boot\spring-boot-starter-json\2.1.3.RELEASE\spring-boot-starter-json-2.1.3.RELEASE.jar;C:\yingyong\yygsoft\maven\maven_repository\com\fasterxml\jackson\datatype\jackson-datatype-jdk8\2.9.8\jackson-datatype-jdk8-2.9.8.jar;C:\yingyong\yygsoft\maven\maven_repository\com\fasterxml\jackson\module\jackson-module-parameter-names\2.9.8\jackson-module-parameter-names-2.9.8.jar;C:\yingyong\yygsoft\maven\maven_repository\org\springframework\boot\spring-boot-starter-tomcat\2.1.3.RELEASE\spring-boot-starter-tomcat-2.1.3.RELEASE.jar;C:\yingyong\yygsoft\maven\maven_repository\org\apache\tomcat\embed\tomcat-embed-core\9.0.16\tomcat-embed-core-9.0.16.jar;C:\yingyong\yygsoft\maven\maven_repository\org\apache\tomcat\embed\tomcat-embed-el\9.0.16\tomcat-embed-el-9.0.16.jar;C:\yingyong\yygsoft\maven\maven_repository\org\apache\tomcat\embed\tomcat-embed-websocket\9.0.16\tomcat-embed-websocket-9.0.16.jar;C:\yingyong\yygsoft\maven\maven_repository\org\hibernate\validator\hibernate-validator\6.0.14.Final\hibernate-validator-6.0.14.Final.jar;C:\yingyong\yygsoft\maven\maven_repository\javax\validation\validation-api\2.0.1.Final\validation-api-2.0.1.Final.jar;C:\yingyong\yygsoft\maven\maven_repository\org\jboss\logging\jboss-logging\3.3.2.Final\jboss-logging-3.3.2.Final.jar;C:\yingyong\yygsoft\maven\maven_repository\org\springframework\spring-web\5.1.5.RELEASE\spring-web-5.1.5.RELEASE.jar;C:\yingyong\yygsoft\maven\maven_repository\org\springframework\spring-beans\5.1.5.RELEASE\spring-beans-5.1.5.RELEASE.jar;C:\yingyong\yygsoft\maven\maven_repository\org\springframework\spring-webmvc\5.1.5.RELEASE\spring-webmvc-5.1.5.RELEASE.jar;C:\yingyong\yygsoft\maven\maven_repository\org\springframework\spring-aop\5.1.5.RELEASE\spring-aop-5.1.5.RELEASE.jar;C:\yingyong\yygsoft\maven\maven_repository\org\springframework\spring-expression\5.1.5.RELEASE\spring-expression-5.1.5.RELEASE.jar;C:\yingyong\yygsoft\maven\maven_repository\org\projectlombok\lombok\1.18.6\lombok-1.18.6.jar;C:\yingyong\yygsoft\maven\maven_repository\mysql\mysql-connector-java\8.0.11\mysql-connector-java-8.0.11.jar;C:\yingyong\yygsoft\maven\maven_repository\com\zaxxer\HikariCP\3.1.0\HikariCP-3.1.0.jar;C:\yingyong\yygsoft\maven\maven_repository\org\slf4j\slf4j-api\1.7.25\slf4j-api-1.7.25.jar;C:\yingyong\yygsoft\maven\maven_repository\com\baomidou\mybatis-plus-boot-starter\3.3.0\mybatis-plus-boot-starter-3.3.0.jar;C:\yingyong\yygsoft\maven\maven_repository\org\springframework\boot\spring-boot-starter-jdbc\2.1.3.RELEASE\spring-boot-starter-jdbc-2.1.3.RELEASE.jar;C:\yingyong\yygsoft\maven\maven_repository\org\springframework\spring-jdbc\5.1.5.RELEASE\spring-jdbc-5.1.5.RELEASE.jar;C:\yingyong\yygsoft\maven\maven_repository\org\springframework\spring-tx\5.1.5.RELEASE\spring-tx-5.1.5.RELEASE.jar;C:\yingyong\yygsoft\maven\maven_repository\com\baomidou\mybatis-plus\3.3.0\mybatis-plus-3.3.0.jar;C:\yingyong\yygsoft\maven\maven_repository\com\baomidou\mybatis-plus-extension\3.3.0\mybatis-plus-extension-3.3.0.jar;C:\yingyong\yygsoft\maven\maven_repository\com\baomidou\mybatis-plus-core\3.3.0\mybatis-plus-core-3.3.0.jar;C:\yingyong\yygsoft\maven\maven_repository\com\baomidou\mybatis-plus-annotation\3.3.0\mybatis-plus-annotation-3.3.0.jar;C:\yingyong\yygsoft\maven\maven_repository\com\github\jsqlparser\jsqlparser\3.1\jsqlparser-3.1.jar;C:\yingyong\yygsoft\maven\maven_repository\org\mybatis\mybatis\3.5.3\mybatis-3.5.3.jar;C:\yingyong\yygsoft\maven\maven_repository\org\mybatis\mybatis-spring\2.0.3\mybatis-spring-2.0.3.jar;C:\yingyong\yygsoft\maven\maven_repository\com\baomidou\mybatis-plus-generator\3.3.0\mybatis-plus-generator-3.3.0.jar;C:\yingyong\yygsoft\maven\maven_repository\org\springframework\boot\spring-boot-starter-freemarker\2.1.3.RELEASE\spring-boot-starter-freemarker-2.1.3.RELEASE.jar;C:\yingyong\yygsoft\maven\maven_repository\org\freemarker\freemarker\2.3.28\freemarker-2.3.28.jar;C:\yingyong\yygsoft\maven\maven_repository\org\springframework\spring-context-support\5.1.5.RELEASE\spring-context-support-5.1.5.RELEASE.jar;C:\yingyong\yygsoft\maven\maven_repository\io\springfox\springfox-swagger2\2.9.2\springfox-swagger2-2.9.2.jar;C:\yingyong\yygsoft\maven\maven_repository\io\swagger\swagger-annotations\1.5.20\swagger-annotations-1.5.20.jar;C:\yingyong\yygsoft\maven\maven_repository\io\swagger\swagger-models\1.5.20\swagger-models-1.5.20.jar;C:\yingyong\yygsoft\maven\maven_repository\io\springfox\springfox-spi\2.9.2\springfox-spi-2.9.2.jar;C:\yingyong\yygsoft\maven\maven_repository\io\springfox\springfox-core\2.9.2\springfox-core-2.9.2.jar;C:\yingyong\yygsoft\maven\maven_repository\io\springfox\springfox-schema\2.9.2\springfox-schema-2.9.2.jar;C:\yingyong\yygsoft\maven\maven_repository\io\springfox\springfox-swagger-common\2.9.2\springfox-swagger-common-2.9.2.jar;C:\yingyong\yygsoft\maven\maven_repository\io\springfox\springfox-spring-web\2.9.2\springfox-spring-web-2.9.2.jar;C:\yingyong\yygsoft\maven\maven_repository\com\google\guava\guava\20.0\guava-20.0.jar;C:\yingyong\yygsoft\maven\maven_repository\com\fasterxml\classmate\1.4.0\classmate-1.4.0.jar;C:\yingyong\yygsoft\maven\maven_repository\org\springframework\plugin\spring-plugin-core\1.2.0.RELEASE\spring-plugin-core-1.2.0.RELEASE.jar;C:\yingyong\yygsoft\maven\maven_repository\org\springframework\plugin\spring-plugin-metadata\1.2.0.RELEASE\spring-plugin-metadata-1.2.0.RELEASE.jar;C:\yingyong\yygsoft\maven\maven_repository\org\mapstruct\mapstruct\1.2.0.Final\mapstruct-1.2.0.Final.jar;C:\yingyong\yygsoft\maven\maven_repository\io\springfox\springfox-swagger-ui\2.9.2\springfox-swagger-ui-2.9.2.jar;C:\yingyong\yygsoft\maven\maven_repository\com\github\xiaoymin\swagger-bootstrap-ui\1.8.9\swagger-bootstrap-ui-1.8.9.jar;C:\yingyong\yygsoft\maven\maven_repository\com\alibaba\fastjson\1.2.47\fastjson-1.2.47.jar;C:\yingyong\yygsoft\maven\maven_repository\com\fasterxml\jackson\datatype\jackson-datatype-jsr310\2.9.7\jackson-datatype-jsr310-2.9.7.jar;C:\yingyong\yygsoft\maven\maven_repository\com\fasterxml\jackson\core\jackson-annotations\2.9.0\jackson-annotations-2.9.0.jar;C:\yingyong\yygsoft\maven\maven_repository\com\fasterxml\jackson\core\jackson-core\2.9.8\jackson-core-2.9.8.jar;C:\yingyong\yygsoft\maven\maven_repository\com\fasterxml\jackson\core\jackson-databind\2.9.8\jackson-databind-2.9.8.jar;C:\yingyong\yygsoft\maven\maven_repository\org\apache\commons\commons-lang3\3.7\commons-lang3-3.7.jar;"/>
    <property name="java.vm.vendor" value="Oracle Corporation"/>
    <property name="sun.arch.data.model" value="64"/>
    <property name="user.variant" value=""/>
    <property name="java.vendor.url" value="http://java.oracle.com/"/>
    <property name="user.timezone" value="GMT+08:00"/>
    <property name="java.vm.specification.version" value="1.8"/>
    <property name="os.name" value="Windows 8.1"/>
    <property name="user.country" value="CN"/>
    <property name="sun.java.launcher" value="SUN_STANDARD"/>
    <property name="sun.boot.library.path" value="C:\yingyong\yygsoft\jdk1.8.0_45\jre\bin"/>
    <property name="sun.java.command" value="C:\Users\61930\AppData\Local\Temp\surefire241998271028570424\surefirebooter7680277300992466580.jar C:\Users\61930\AppData\Local\Temp\surefire241998271028570424 2019-12-30T16-59-36_155-jvmRun1 surefire8043451319683374287tmp surefire_0465198192860735035tmp"/>
    <property name="surefire.test.class.path" value="D:\idea\mas\target\test-classes;D:\idea\mas\target\classes;C:\yingyong\yygsoft\maven\maven_repository\org\springframework\boot\spring-boot-starter\2.1.3.RELEASE\spring-boot-starter-2.1.3.RELEASE.jar;C:\yingyong\yygsoft\maven\maven_repository\org\springframework\boot\spring-boot\2.1.3.RELEASE\spring-boot-2.1.3.RELEASE.jar;C:\yingyong\yygsoft\maven\maven_repository\org\springframework\spring-context\5.1.5.RELEASE\spring-context-5.1.5.RELEASE.jar;C:\yingyong\yygsoft\maven\maven_repository\org\springframework\boot\spring-boot-autoconfigure\2.1.3.RELEASE\spring-boot-autoconfigure-2.1.3.RELEASE.jar;C:\yingyong\yygsoft\maven\maven_repository\org\springframework\boot\spring-boot-starter-logging\2.1.3.RELEASE\spring-boot-starter-logging-2.1.3.RELEASE.jar;C:\yingyong\yygsoft\maven\maven_repository\ch\qos\logback\logback-classic\1.2.3\logback-classic-1.2.3.jar;C:\yingyong\yygsoft\maven\maven_repository\ch\qos\logback\logback-core\1.2.3\logback-core-1.2.3.jar;C:\yingyong\yygsoft\maven\maven_repository\org\apache\logging\log4j\log4j-to-slf4j\2.11.2\log4j-to-slf4j-2.11.2.jar;C:\yingyong\yygsoft\maven\maven_repository\org\apache\logging\log4j\log4j-api\2.11.2\log4j-api-2.11.2.jar;C:\yingyong\yygsoft\maven\maven_repository\org\slf4j\jul-to-slf4j\1.7.25\jul-to-slf4j-1.7.25.jar;C:\yingyong\yygsoft\maven\maven_repository\javax\annotation\javax.annotation-api\1.3.2\javax.annotation-api-1.3.2.jar;C:\yingyong\yygsoft\maven\maven_repository\org\springframework\spring-core\5.1.5.RELEASE\spring-core-5.1.5.RELEASE.jar;C:\yingyong\yygsoft\maven\maven_repository\org\springframework\spring-jcl\5.1.5.RELEASE\spring-jcl-5.1.5.RELEASE.jar;C:\yingyong\yygsoft\maven\maven_repository\org\yaml\snakeyaml\1.23\snakeyaml-1.23.jar;C:\yingyong\yygsoft\maven\maven_repository\org\springframework\boot\spring-boot-starter-test\2.1.3.RELEASE\spring-boot-starter-test-2.1.3.RELEASE.jar;C:\yingyong\yygsoft\maven\maven_repository\org\springframework\boot\spring-boot-test\2.1.3.RELEASE\spring-boot-test-2.1.3.RELEASE.jar;C:\yingyong\yygsoft\maven\maven_repository\org\springframework\boot\spring-boot-test-autoconfigure\2.1.3.RELEASE\spring-boot-test-autoconfigure-2.1.3.RELEASE.jar;C:\yingyong\yygsoft\maven\maven_repository\com\jayway\jsonpath\json-path\2.4.0\json-path-2.4.0.jar;C:\yingyong\yygsoft\maven\maven_repository\net\minidev\json-smart\2.3\json-smart-2.3.jar;C:\yingyong\yygsoft\maven\maven_repository\net\minidev\accessors-smart\1.2\accessors-smart-1.2.jar;C:\yingyong\yygsoft\maven\maven_repository\org\ow2\asm\asm\5.0.4\asm-5.0.4.jar;C:\yingyong\yygsoft\maven\maven_repository\junit\junit\4.12\junit-4.12.jar;C:\yingyong\yygsoft\maven\maven_repository\org\assertj\assertj-core\3.11.1\assertj-core-3.11.1.jar;C:\yingyong\yygsoft\maven\maven_repository\org\mockito\mockito-core\2.23.4\mockito-core-2.23.4.jar;C:\yingyong\yygsoft\maven\maven_repository\net\bytebuddy\byte-buddy\1.9.10\byte-buddy-1.9.10.jar;C:\yingyong\yygsoft\maven\maven_repository\net\bytebuddy\byte-buddy-agent\1.9.10\byte-buddy-agent-1.9.10.jar;C:\yingyong\yygsoft\maven\maven_repository\org\objenesis\objenesis\2.6\objenesis-2.6.jar;C:\yingyong\yygsoft\maven\maven_repository\org\hamcrest\hamcrest-core\1.3\hamcrest-core-1.3.jar;C:\yingyong\yygsoft\maven\maven_repository\org\hamcrest\hamcrest-library\1.3\hamcrest-library-1.3.jar;C:\yingyong\yygsoft\maven\maven_repository\org\skyscreamer\jsonassert\1.5.0\jsonassert-1.5.0.jar;C:\yingyong\yygsoft\maven\maven_repository\com\vaadin\external\google\android-json\0.0.20131108.vaadin1\android-json-0.0.20131108.vaadin1.jar;C:\yingyong\yygsoft\maven\maven_repository\org\springframework\spring-test\5.1.5.RELEASE\spring-test-5.1.5.RELEASE.jar;C:\yingyong\yygsoft\maven\maven_repository\org\xmlunit\xmlunit-core\2.6.2\xmlunit-core-2.6.2.jar;C:\yingyong\yygsoft\maven\maven_repository\org\springframework\boot\spring-boot-starter-web\2.1.3.RELEASE\spring-boot-starter-web-2.1.3.RELEASE.jar;C:\yingyong\yygsoft\maven\maven_repository\org\springframework\boot\spring-boot-starter-json\2.1.3.RELEASE\spring-boot-starter-json-2.1.3.RELEASE.jar;C:\yingyong\yygsoft\maven\maven_repository\com\fasterxml\jackson\datatype\jackson-datatype-jdk8\2.9.8\jackson-datatype-jdk8-2.9.8.jar;C:\yingyong\yygsoft\maven\maven_repository\com\fasterxml\jackson\module\jackson-module-parameter-names\2.9.8\jackson-module-parameter-names-2.9.8.jar;C:\yingyong\yygsoft\maven\maven_repository\org\springframework\boot\spring-boot-starter-tomcat\2.1.3.RELEASE\spring-boot-starter-tomcat-2.1.3.RELEASE.jar;C:\yingyong\yygsoft\maven\maven_repository\org\apache\tomcat\embed\tomcat-embed-core\9.0.16\tomcat-embed-core-9.0.16.jar;C:\yingyong\yygsoft\maven\maven_repository\org\apache\tomcat\embed\tomcat-embed-el\9.0.16\tomcat-embed-el-9.0.16.jar;C:\yingyong\yygsoft\maven\maven_repository\org\apache\tomcat\embed\tomcat-embed-websocket\9.0.16\tomcat-embed-websocket-9.0.16.jar;C:\yingyong\yygsoft\maven\maven_repository\org\hibernate\validator\hibernate-validator\6.0.14.Final\hibernate-validator-6.0.14.Final.jar;C:\yingyong\yygsoft\maven\maven_repository\javax\validation\validation-api\2.0.1.Final\validation-api-2.0.1.Final.jar;C:\yingyong\yygsoft\maven\maven_repository\org\jboss\logging\jboss-logging\3.3.2.Final\jboss-logging-3.3.2.Final.jar;C:\yingyong\yygsoft\maven\maven_repository\org\springframework\spring-web\5.1.5.RELEASE\spring-web-5.1.5.RELEASE.jar;C:\yingyong\yygsoft\maven\maven_repository\org\springframework\spring-beans\5.1.5.RELEASE\spring-beans-5.1.5.RELEASE.jar;C:\yingyong\yygsoft\maven\maven_repository\org\springframework\spring-webmvc\5.1.5.RELEASE\spring-webmvc-5.1.5.RELEASE.jar;C:\yingyong\yygsoft\maven\maven_repository\org\springframework\spring-aop\5.1.5.RELEASE\spring-aop-5.1.5.RELEASE.jar;C:\yingyong\yygsoft\maven\maven_repository\org\springframework\spring-expression\5.1.5.RELEASE\spring-expression-5.1.5.RELEASE.jar;C:\yingyong\yygsoft\maven\maven_repository\org\projectlombok\lombok\1.18.6\lombok-1.18.6.jar;C:\yingyong\yygsoft\maven\maven_repository\mysql\mysql-connector-java\8.0.11\mysql-connector-java-8.0.11.jar;C:\yingyong\yygsoft\maven\maven_repository\com\zaxxer\HikariCP\3.1.0\HikariCP-3.1.0.jar;C:\yingyong\yygsoft\maven\maven_repository\org\slf4j\slf4j-api\1.7.25\slf4j-api-1.7.25.jar;C:\yingyong\yygsoft\maven\maven_repository\com\baomidou\mybatis-plus-boot-starter\3.3.0\mybatis-plus-boot-starter-3.3.0.jar;C:\yingyong\yygsoft\maven\maven_repository\org\springframework\boot\spring-boot-starter-jdbc\2.1.3.RELEASE\spring-boot-starter-jdbc-2.1.3.RELEASE.jar;C:\yingyong\yygsoft\maven\maven_repository\org\springframework\spring-jdbc\5.1.5.RELEASE\spring-jdbc-5.1.5.RELEASE.jar;C:\yingyong\yygsoft\maven\maven_repository\org\springframework\spring-tx\5.1.5.RELEASE\spring-tx-5.1.5.RELEASE.jar;C:\yingyong\yygsoft\maven\maven_repository\com\baomidou\mybatis-plus\3.3.0\mybatis-plus-3.3.0.jar;C:\yingyong\yygsoft\maven\maven_repository\com\baomidou\mybatis-plus-extension\3.3.0\mybatis-plus-extension-3.3.0.jar;C:\yingyong\yygsoft\maven\maven_repository\com\baomidou\mybatis-plus-core\3.3.0\mybatis-plus-core-3.3.0.jar;C:\yingyong\yygsoft\maven\maven_repository\com\baomidou\mybatis-plus-annotation\3.3.0\mybatis-plus-annotation-3.3.0.jar;C:\yingyong\yygsoft\maven\maven_repository\com\github\jsqlparser\jsqlparser\3.1\jsqlparser-3.1.jar;C:\yingyong\yygsoft\maven\maven_repository\org\mybatis\mybatis\3.5.3\mybatis-3.5.3.jar;C:\yingyong\yygsoft\maven\maven_repository\org\mybatis\mybatis-spring\2.0.3\mybatis-spring-2.0.3.jar;C:\yingyong\yygsoft\maven\maven_repository\com\baomidou\mybatis-plus-generator\3.3.0\mybatis-plus-generator-3.3.0.jar;C:\yingyong\yygsoft\maven\maven_repository\org\springframework\boot\spring-boot-starter-freemarker\2.1.3.RELEASE\spring-boot-starter-freemarker-2.1.3.RELEASE.jar;C:\yingyong\yygsoft\maven\maven_repository\org\freemarker\freemarker\2.3.28\freemarker-2.3.28.jar;C:\yingyong\yygsoft\maven\maven_repository\org\springframework\spring-context-support\5.1.5.RELEASE\spring-context-support-5.1.5.RELEASE.jar;C:\yingyong\yygsoft\maven\maven_repository\io\springfox\springfox-swagger2\2.9.2\springfox-swagger2-2.9.2.jar;C:\yingyong\yygsoft\maven\maven_repository\io\swagger\swagger-annotations\1.5.20\swagger-annotations-1.5.20.jar;C:\yingyong\yygsoft\maven\maven_repository\io\swagger\swagger-models\1.5.20\swagger-models-1.5.20.jar;C:\yingyong\yygsoft\maven\maven_repository\io\springfox\springfox-spi\2.9.2\springfox-spi-2.9.2.jar;C:\yingyong\yygsoft\maven\maven_repository\io\springfox\springfox-core\2.9.2\springfox-core-2.9.2.jar;C:\yingyong\yygsoft\maven\maven_repository\io\springfox\springfox-schema\2.9.2\springfox-schema-2.9.2.jar;C:\yingyong\yygsoft\maven\maven_repository\io\springfox\springfox-swagger-common\2.9.2\springfox-swagger-common-2.9.2.jar;C:\yingyong\yygsoft\maven\maven_repository\io\springfox\springfox-spring-web\2.9.2\springfox-spring-web-2.9.2.jar;C:\yingyong\yygsoft\maven\maven_repository\com\google\guava\guava\20.0\guava-20.0.jar;C:\yingyong\yygsoft\maven\maven_repository\com\fasterxml\classmate\1.4.0\classmate-1.4.0.jar;C:\yingyong\yygsoft\maven\maven_repository\org\springframework\plugin\spring-plugin-core\1.2.0.RELEASE\spring-plugin-core-1.2.0.RELEASE.jar;C:\yingyong\yygsoft\maven\maven_repository\org\springframework\plugin\spring-plugin-metadata\1.2.0.RELEASE\spring-plugin-metadata-1.2.0.RELEASE.jar;C:\yingyong\yygsoft\maven\maven_repository\org\mapstruct\mapstruct\1.2.0.Final\mapstruct-1.2.0.Final.jar;C:\yingyong\yygsoft\maven\maven_repository\io\springfox\springfox-swagger-ui\2.9.2\springfox-swagger-ui-2.9.2.jar;C:\yingyong\yygsoft\maven\maven_repository\com\github\xiaoymin\swagger-bootstrap-ui\1.8.9\swagger-bootstrap-ui-1.8.9.jar;C:\yingyong\yygsoft\maven\maven_repository\com\alibaba\fastjson\1.2.47\fastjson-1.2.47.jar;C:\yingyong\yygsoft\maven\maven_repository\com\fasterxml\jackson\datatype\jackson-datatype-jsr310\2.9.7\jackson-datatype-jsr310-2.9.7.jar;C:\yingyong\yygsoft\maven\maven_repository\com\fasterxml\jackson\core\jackson-annotations\2.9.0\jackson-annotations-2.9.0.jar;C:\yingyong\yygsoft\maven\maven_repository\com\fasterxml\jackson\core\jackson-core\2.9.8\jackson-core-2.9.8.jar;C:\yingyong\yygsoft\maven\maven_repository\com\fasterxml\jackson\core\jackson-databind\2.9.8\jackson-databind-2.9.8.jar;C:\yingyong\yygsoft\maven\maven_repository\org\apache\commons\commons-lang3\3.7\commons-lang3-3.7.jar;"/>
    <property name="sun.cpu.endian" value="little"/>
    <property name="user.home" value="C:\Users\61930"/>
    <property name="user.language" value="zh"/>
    <property name="java.specification.vendor" value="Oracle Corporation"/>
    <property name="java.home" value="C:\yingyong\yygsoft\jdk1.8.0_45\jre"/>
    <property name="basedir" value="D:\idea\mas"/>
    <property name="file.separator" value="\"/>
    <property name="line.separator" value="&#10;"/>
    <property name="java.vm.specification.vendor" value="Oracle Corporation"/>
    <property name="java.specification.name" value="Java Platform API Specification"/>
    <property name="java.awt.graphicsenv" value="sun.awt.Win32GraphicsEnvironment"/>
    <property name="surefire.real.class.path" value="C:\Users\61930\AppData\Local\Temp\surefire241998271028570424\surefirebooter7680277300992466580.jar"/>
    <property name="sun.boot.class.path" value="C:\yingyong\yygsoft\jdk1.8.0_45\jre\lib\resources.jar;C:\yingyong\yygsoft\jdk1.8.0_45\jre\lib\rt.jar;C:\yingyong\yygsoft\jdk1.8.0_45\jre\lib\sunrsasign.jar;C:\yingyong\yygsoft\jdk1.8.0_45\jre\lib\jsse.jar;C:\yingyong\yygsoft\jdk1.8.0_45\jre\lib\jce.jar;C:\yingyong\yygsoft\jdk1.8.0_45\jre\lib\charsets.jar;C:\yingyong\yygsoft\jdk1.8.0_45\jre\lib\jfr.jar;C:\yingyong\yygsoft\jdk1.8.0_45\jre\classes"/>
    <property name="user.script" value=""/>
    <property name="sun.management.compiler" value="HotSpot 64-Bit Tiered Compilers"/>
    <property name="java.runtime.version" value="1.8.0_45-b14"/>
    <property name="user.name" value="duanjinlong"/>
    <property name="path.separator" value=";"/>
    <property name="os.version" value="6.3"/>
    <property name="java.endorsed.dirs" value="C:\yingyong\yygsoft\jdk1.8.0_45\jre\lib\endorsed"/>
    <property name="java.runtime.name" value="Java(TM) SE Runtime Environment"/>
    <property name="file.encoding" value="GBK"/>
    <property name="java.vm.name" value="Java HotSpot(TM) 64-Bit Server VM"/>
    <property name="localRepository" value="C:\yingyong\yygsoft\maven\maven_repository"/>
    <property name="java.vendor.url.bug" value="http://bugreport.sun.com/bugreport/"/>
    <property name="java.io.tmpdir" value="C:\Users\61930\AppData\Local\Temp\"/>
    <property name="java.version" value="1.8.0_45"/>
    <property name="user.dir" value="D:\idea\mas"/>
    <property name="os.arch" value="amd64"/>
    <property name="java.vm.specification.name" value="Java Virtual Machine Specification"/>
    <property name="java.awt.printerjob" value="sun.awt.windows.WPrinterJob"/>
    <property name="sun.os.patch.level" value=""/>
    <property name="idea.version2019.1.1" value="true"/>
    <property name="java.library.path" value="C:\yingyong\yygsoft\jdk1.8.0_45\jre\bin;C:\windows\Sun\Java\bin;C:\windows\system32;C:\windows;C:\yingyong\yygsoft\xftp\;C:\Program Files (x86)\Common Files\Oracle\Java\javapath;C:\windows\system32;C:\windows;C:\windows\System32\Wbem;C:\windows\System32\WindowsPowerShell\v1.0\;C:\windows\System32\OpenSSH\;C:\yingyong\yygsoft\jdk1.8.0_45\bin;C:\yingyong\yygsoft\maven\apache-maven-3.5.4\bin;C:\yingyong\yygsoft\mysql\mysql-8.0.18-winx64\bin;C:\Users\61930\AppData\Local\Microsoft\WindowsApps;C:\Users\61930\AppData\Local\BypassRuntm;."/>
    <property name="java.vm.info" value="mixed mode"/>
    <property name="java.vendor" value="Oracle Corporation"/>
    <property name="java.vm.version" value="25.45-b02"/>
    <property name="java.ext.dirs" value="C:\yingyong\yygsoft\jdk1.8.0_45\jre\lib\ext;C:\windows\Sun\Java\lib\ext"/>
    <property name="sun.io.unicode.encoding" value="UnicodeLittle"/>
    <property name="maven.repo.local" value="C:\yingyong\yygsoft\maven\maven_repository"/>
    <property name="java.class.version" value="52.0"/>
  </properties>
  <testcase name="initializationError" classname="com.baomidou.test.BaseTest" time="0.003">
    <error message="No runnable methods" type="java.lang.Exception">java.lang.Exception: No runnable methods
</error>
  </testcase>
</testsuite>